<?xml version="1.0" encoding="UTF-8"?>
<!-- Generated by org.testng.reporters.JUnitXMLReporter -->
<testsuite ignored="3" hostname="lenovo" failures="0" tests="2" name="Test(failed)(failed)" time="0.072" errors="0" timestamp="2022-11-28T12:51:00 IST">
  <testcase classname="TestNG.Class1" name="TC2" time="0.012"/>
  <testcase classname="TestNG.Class2" name="TC5" time="0.002"/>
  <testcase classname="TestNG.Class1" name="TC1" time="0.0">
    <ignored/>
  </testcase> <!-- TC1 -->
  <testcase classname="TestNG.Class1" name="TC3" time="0.0">
    <ignored/>
  </testcase> <!-- TC3 -->
  <testcase classname="TestNG.Class2" name="TC4" time="0.0">
    <ignored/>
  </testcase> <!-- TC4 -->
</testsuite> <!-- Test(failed)(failed) -->
