<?xml version="1.0" encoding="UTF-8"?>
<testng-results ignored="0" total="1" passed="1" failed="0" skipped="0">
  <reporter-output>
  </reporter-output>
  <suite started-at="2023-05-24T07:50:55 IST" name="Default suite" finished-at="2023-05-24T07:51:07 IST" duration-ms="12275">
    <groups>
    </groups>
    <test started-at="2023-05-24T07:50:55 IST" name="Default test" finished-at="2023-05-24T07:51:07 IST" duration-ms="12275">
      <class name="TestClass.Test_Class">
        <test-method is-config="true" signature="OpenBrowser()[pri:0, instance:TestClass.Test_Class@73700b80]" started-at="2023-05-24T07:50:55 IST" name="OpenBrowser" finished-at="2023-05-24T07:51:02 IST" duration-ms="6442" status="PASS">
          <reporter-output>
          </reporter-output>
        </test-method> <!-- OpenBrowser -->
        <test-method is-config="true" signature="Login()[pri:0, instance:TestClass.Test_Class@73700b80]" started-at="2023-05-24T07:51:02 IST" name="Login" finished-at="2023-05-24T07:51:06 IST" duration-ms="4306" status="PASS">
          <reporter-output>
          </reporter-output>
        </test-method> <!-- Login -->
        <test-method signature="TC1()[pri:0, instance:TestClass.Test_Class@73700b80]" started-at="2023-05-24T07:51:06 IST" name="TC1" finished-at="2023-05-24T07:51:07 IST" duration-ms="1445" status="PASS">
          <reporter-output>
          </reporter-output>
        </test-method> <!-- TC1 -->
        <test-method is-config="true" signature="LogOut()[pri:0, instance:TestClass.Test_Class@73700b80]" started-at="2023-05-24T07:51:07 IST" name="LogOut" finished-at="2023-05-24T07:51:07 IST" duration-ms="0" status="PASS">
          <reporter-output>
          </reporter-output>
        </test-method> <!-- LogOut -->
        <test-method is-config="true" signature="ClosedBrowser()[pri:0, instance:TestClass.Test_Class@73700b80]" started-at="2023-05-24T07:51:07 IST" name="ClosedBrowser" finished-at="2023-05-24T07:51:07 IST" duration-ms="1" status="PASS">
          <reporter-output>
          </reporter-output>
        </test-method> <!-- ClosedBrowser -->
      </class> <!-- TestClass.Test_Class -->
    </test> <!-- Default test -->
  </suite> <!-- Default suite -->
</testng-results>
