<?xml version="1.0" encoding="UTF-8"?>
<testng-results ignored="0" total="1" passed="1" failed="0" skipped="0">
  <reporter-output>
  </reporter-output>
  <suite started-at="2023-05-24T09:06:36 IST" name="Default suite" finished-at="2023-05-24T09:07:16 IST" duration-ms="40079">
    <groups>
    </groups>
    <test started-at="2023-05-24T09:06:36 IST" name="Default test" finished-at="2023-05-24T09:07:16 IST" duration-ms="40079">
      <class name="com.fb_project_TestClass.fb_project_TestClass">
        <test-method is-config="true" signature="OpenBrowser()[pri:0, instance:com.fb_project_TestClass.fb_project_TestClass@49c7b90e]" started-at="2023-05-24T09:06:36 IST" name="OpenBrowser" finished-at="2023-05-24T09:06:41 IST" duration-ms="4486" status="PASS">
          <reporter-output>
          </reporter-output>
        </test-method> <!-- OpenBrowser -->
        <test-method is-config="true" signature="Login()[pri:0, instance:com.fb_project_TestClass.fb_project_TestClass@49c7b90e]" started-at="2023-05-24T09:06:41 IST" name="Login" finished-at="2023-05-24T09:07:02 IST" duration-ms="21570" status="PASS">
          <reporter-output>
          </reporter-output>
        </test-method> <!-- Login -->
        <test-method signature="TC01()[pri:0, instance:com.fb_project_TestClass.fb_project_TestClass@49c7b90e]" started-at="2023-05-24T09:07:02 IST" name="TC01" finished-at="2023-05-24T09:07:16 IST" duration-ms="13965" status="PASS">
          <reporter-output>
          </reporter-output>
        </test-method> <!-- TC01 -->
        <test-method is-config="true" signature="LogOut()[pri:0, instance:com.fb_project_TestClass.fb_project_TestClass@49c7b90e]" started-at="2023-05-24T09:07:16 IST" name="LogOut" finished-at="2023-05-24T09:07:16 IST" duration-ms="2" status="PASS">
          <reporter-output>
          </reporter-output>
        </test-method> <!-- LogOut -->
        <test-method is-config="true" signature="ClosedBrowser()[pri:0, instance:com.fb_project_TestClass.fb_project_TestClass@49c7b90e]" started-at="2023-05-24T09:07:16 IST" name="ClosedBrowser" finished-at="2023-05-24T09:07:16 IST" duration-ms="0" status="PASS">
          <reporter-output>
          </reporter-output>
        </test-method> <!-- ClosedBrowser -->
      </class> <!-- com.fb_project_TestClass.fb_project_TestClass -->
    </test> <!-- Default test -->
  </suite> <!-- Default suite -->
</testng-results>
