<?xml version="1.0" encoding="UTF-8"?>
<testng-results ignored="0" total="2" passed="2" failed="0" skipped="0">
  <reporter-output>
  </reporter-output>
  <suite started-at="2022-11-28T13:17:38 IST" name="Suite" finished-at="2022-11-28T13:17:45 IST" duration-ms="6970">
    <groups>
    </groups>
    <test started-at="2022-11-28T13:17:38 IST" name="Test1" finished-at="2022-11-28T13:17:43 IST" duration-ms="5382">
      <class name="TestNG.Class3">
        <test-method signature="TC1(java.lang.String)[pri:0, instance:TestNG.Class3@36d585c]" started-at="2022-11-28T13:17:38 IST" name="TC1" finished-at="2022-11-28T13:17:43 IST" duration-ms="5312" status="PASS">
          <params>
            <param index="0">
              <value>
                <![CDATA[Chrome]]>
              </value>
            </param>
          </params>
          <reporter-output>
          </reporter-output>
        </test-method> <!-- TC1 -->
      </class> <!-- TestNG.Class3 -->
    </test> <!-- Test1 -->
    <test started-at="2022-11-28T13:17:38 IST" name="Test2" finished-at="2022-11-28T13:17:45 IST" duration-ms="6970">
      <class name="TestNG.Class3">
        <test-method signature="TC1(java.lang.String)[pri:0, instance:TestNG.Class3@2accdbb5]" started-at="2022-11-28T13:17:38 IST" name="TC1" finished-at="2022-11-28T13:17:45 IST" duration-ms="6904" status="PASS">
          <params>
            <param index="0">
              <value>
                <![CDATA[Edgedriver]]>
              </value>
            </param>
          </params>
          <reporter-output>
          </reporter-output>
        </test-method> <!-- TC1 -->
      </class> <!-- TestNG.Class3 -->
    </test> <!-- Test2 -->
  </suite> <!-- Suite -->
</testng-results>
