<?xml version="1.0" encoding="UTF-8"?>
<testng-results ignored="0" total="1" passed="1" failed="0" skipped="0">
  <reporter-output>
  </reporter-output>
  <suite started-at="2023-02-04T14:03:48 IST" name="Default suite" finished-at="2023-02-04T14:04:01 IST" duration-ms="13264">
    <groups>
    </groups>
    <test started-at="2023-02-04T14:03:48 IST" name="Default test" finished-at="2023-02-04T14:04:01 IST" duration-ms="13264">
      <class name="Module_Test.Test_Class">
        <test-method is-config="true" signature="OpenBrowser()[pri:0, instance:Module_Test.Test_Class@6404f418]" started-at="2023-02-04T14:03:48 IST" name="OpenBrowser" finished-at="2023-02-04T14:03:56 IST" duration-ms="7911" status="PASS">
          <reporter-output>
          </reporter-output>
        </test-method> <!-- OpenBrowser -->
        <test-method is-config="true" signature="Login()[pri:0, instance:Module_Test.Test_Class@6404f418]" started-at="2023-02-04T14:03:56 IST" name="Login" finished-at="2023-02-04T14:04:01 IST" duration-ms="5183" status="PASS">
          <reporter-output>
          </reporter-output>
        </test-method> <!-- Login -->
        <test-method signature="TC1()[pri:0, instance:Module_Test.Test_Class@6404f418]" started-at="2023-02-04T14:04:01 IST" name="TC1" finished-at="2023-02-04T14:04:01 IST" duration-ms="90" status="PASS">
          <reporter-output>
          </reporter-output>
        </test-method> <!-- TC1 -->
        <test-method is-config="true" signature="Logout()[pri:0, instance:Module_Test.Test_Class@6404f418]" started-at="2023-02-04T14:04:01 IST" name="Logout" finished-at="2023-02-04T14:04:01 IST" duration-ms="0" status="PASS">
          <reporter-output>
          </reporter-output>
        </test-method> <!-- Logout -->
        <test-method is-config="true" signature="ClosedBrowser()[pri:0, instance:Module_Test.Test_Class@6404f418]" started-at="2023-02-04T14:04:01 IST" name="ClosedBrowser" finished-at="2023-02-04T14:04:01 IST" duration-ms="0" status="PASS">
          <reporter-output>
          </reporter-output>
        </test-method> <!-- ClosedBrowser -->
      </class> <!-- Module_Test.Test_Class -->
    </test> <!-- Default test -->
  </suite> <!-- Default suite -->
</testng-results>
