<?xml version="1.0" encoding="UTF-8"?>
<testng-results ignored="0" total="1" passed="1" failed="0" skipped="0">
  <reporter-output>
  </reporter-output>
  <suite started-at="2023-04-20T16:36:03 IST" name="Default suite" finished-at="2023-04-20T16:36:16 IST" duration-ms="12632">
    <groups>
    </groups>
    <test started-at="2023-04-20T16:36:03 IST" name="Default test" finished-at="2023-04-20T16:36:16 IST" duration-ms="12632">
      <class name="com.Naukri_Test.TestClass">
        <test-method is-config="true" signature="OpenBrowser()[pri:0, instance:com.Naukri_Test.TestClass@36916eb0]" started-at="2023-04-20T16:36:03 IST" name="OpenBrowser" finished-at="2023-04-20T16:36:10 IST" duration-ms="7200" status="PASS">
          <reporter-output>
          </reporter-output>
        </test-method> <!-- OpenBrowser -->
        <test-method is-config="true" signature="Login()[pri:0, instance:com.Naukri_Test.TestClass@36916eb0]" started-at="2023-04-20T16:36:10 IST" name="Login" finished-at="2023-04-20T16:36:12 IST" duration-ms="2068" status="PASS">
          <reporter-output>
          </reporter-output>
        </test-method> <!-- Login -->
        <test-method signature="TC1()[pri:0, instance:com.Naukri_Test.TestClass@36916eb0]" started-at="2023-04-20T16:36:12 IST" name="TC1" finished-at="2023-04-20T16:36:15 IST" duration-ms="2679" status="PASS">
          <reporter-output>
          </reporter-output>
        </test-method> <!-- TC1 -->
        <test-method is-config="true" signature="Logout()[pri:0, instance:com.Naukri_Test.TestClass@36916eb0]" started-at="2023-04-20T16:36:15 IST" name="Logout" finished-at="2023-04-20T16:36:15 IST" duration-ms="488" status="PASS">
          <reporter-output>
          </reporter-output>
        </test-method> <!-- Logout -->
        <test-method is-config="true" signature="ClosedBrowser()[pri:0, instance:com.Naukri_Test.TestClass@36916eb0]" started-at="2023-04-20T16:36:15 IST" name="ClosedBrowser" finished-at="2023-04-20T16:36:16 IST" duration-ms="149" status="PASS">
          <reporter-output>
          </reporter-output>
        </test-method> <!-- ClosedBrowser -->
      </class> <!-- com.Naukri_Test.TestClass -->
    </test> <!-- Default test -->
  </suite> <!-- Default suite -->
</testng-results>
